c:\users\user\stack\projects\hivewe\hivewe\hivewe\x64\debug\vc141.pdb
c:\users\user\stack\projects\hivewe\hivewe\hivewe\x64\debug\qrc_hivewe.obj
c:\users\user\stack\projects\hivewe\hivewe\hivewe\x64\debug\hivewe.pch
c:\users\user\stack\projects\hivewe\hivewe\hivewe\x64\debug\stdafx.obj
c:\users\user\stack\projects\hivewe\hivewe\hivewe\x64\debug\shader.obj
c:\users\user\stack\projects\hivewe\hivewe\hivewe\x64\debug\slk.obj
c:\users\user\stack\projects\hivewe\hivewe\hivewe\x64\debug\resourcemanager.obj
c:\users\user\stack\projects\hivewe\hivewe\hivewe\x64\debug\pathingmap.obj
c:\users\user\stack\projects\hivewe\hivewe\hivewe\x64\debug\mpq.obj
c:\users\user\stack\projects\hivewe\hivewe\hivewe\x64\debug\mdx.obj
c:\users\user\stack\projects\hivewe\hivewe\hivewe\x64\debug\inputhandler.obj
c:\users\user\stack\projects\hivewe\hivewe\hivewe\x64\debug\hivewe.obj
c:\users\user\stack\projects\hivewe\hivewe\hivewe\x64\debug\hierarchy.obj
c:\users\user\stack\projects\hivewe\hivewe\hivewe\x64\debug\moc_pathingpallete.obj
c:\users\user\stack\projects\hivewe\hivewe\hivewe\x64\debug\moc_hivewe.obj
c:\users\user\stack\projects\hivewe\hivewe\hivewe\x64\debug\moc_glwidget.obj
c:\users\user\stack\projects\hivewe\hivewe\hivewe\x64\debug\doodads.obj
c:\users\user\stack\projects\hivewe\hivewe\hivewe\x64\debug\cliffmesh.obj
c:\users\user\stack\projects\hivewe\hivewe\hivewe\x64\debug\camera.obj
c:\users\user\stack\projects\hivewe\hivewe\hivewe\x64\debug\brush.obj
c:\users\user\stack\projects\hivewe\hivewe\hivewe\x64\debug\blp.obj
c:\users\user\stack\projects\hivewe\hivewe\hivewe\x64\debug\main.obj
c:\users\user\stack\projects\hivewe\hivewe\hivewe\x64\debug\utilities.obj
c:\users\user\stack\projects\hivewe\hivewe\hivewe\x64\debug\texture.obj
c:\users\user\stack\projects\hivewe\hivewe\hivewe\x64\debug\terrain.obj
c:\users\user\stack\projects\hivewe\hivewe\hivewe\x64\debug\staticmesh.obj
c:\users\user\stack\projects\hivewe\hivewe\hivewe\generatedfiles\debug\moc_pathingpallete.cpp
c:\users\user\stack\projects\hivewe\hivewe\hivewe\generatedfiles\debug\moc_glwidget.cpp
c:\users\user\stack\projects\hivewe\hivewe\hivewe\generatedfiles\debug\moc_hivewe.cpp
c:\users\user\stack\projects\hivewe\hivewe\hivewe\generatedfiles\ui_hivewe.h
c:\users\user\stack\projects\hivewe\hivewe\hivewe\generatedfiles\qrc_hivewe.cpp
c:\users\user\stack\projects\hivewe\hivewe\hivewe\generatedfiles\ui_pathingpallete.h
c:\users\user\stack\projects\hivewe\hivewe\x64\debug\hivewe.exe
c:\users\user\stack\projects\hivewe\hivewe\x64\debug\hivewe.ilk
c:\users\user\stack\projects\hivewe\hivewe\x64\debug\hivewe.pdb
c:\users\user\stack\projects\hivewe\hivewe\hivewe\x64\debug\glwidget.obj
c:\users\user\stack\projects\hivewe\hivewe\hivewe\x64\debug\glwidget_conflict-20171231-125509.obj
c:\users\user\stack\projects\hivewe\hivewe\hivewe\x64\debug\map.obj
c:\users\user\stack\projects\hivewe\hivewe\hivewe\x64\debug\mdx_conflict-20180108-222504.obj
c:\users\user\stack\projects\hivewe\hivewe\hivewe\x64\debug\pathingpallete.obj
c:\users\user\stack\projects\hivewe\hivewe\hivewe\x64\debug\staticmesh_conflict-20171231-132420.obj
c:\users\user\stack\projects\hivewe\hivewe\hivewe\x64\debug\vc141_conflict-20171231-132420.pdb
c:\users\user\stack\projects\hivewe\hivewe\hivewe\x64\debug\vc141_conflict-20180108-222505.pdb
c:\users\user\stack\projects\hivewe\hivewe\hivewe\x64\debug\hivewe.tlog\cl.command.1.tlog
c:\users\user\stack\projects\hivewe\hivewe\hivewe\x64\debug\hivewe.tlog\cl.command.1_conflict-20180108-222505.tlog
c:\users\user\stack\projects\hivewe\hivewe\hivewe\x64\debug\hivewe.tlog\cl.read.1.tlog
c:\users\user\stack\projects\hivewe\hivewe\hivewe\x64\debug\hivewe.tlog\cl.write.1.tlog
c:\users\user\stack\projects\hivewe\hivewe\hivewe\x64\debug\hivewe.tlog\custombuild.command.1.tlog
c:\users\user\stack\projects\hivewe\hivewe\hivewe\x64\debug\hivewe.tlog\custombuild.read.1.tlog
c:\users\user\stack\projects\hivewe\hivewe\hivewe\x64\debug\hivewe.tlog\custombuild.write.1.tlog
c:\users\user\stack\projects\hivewe\hivewe\hivewe\x64\debug\hivewe.tlog\link.command.1.tlog
c:\users\user\stack\projects\hivewe\hivewe\hivewe\x64\debug\hivewe.tlog\link.read.1.tlog
c:\users\user\stack\projects\hivewe\hivewe\hivewe\x64\debug\hivewe.tlog\link.write.1.tlog
