  GLWidget.cpp
c:\users\user\stack\projects\hivewe\hivewe\hivewe\dependencies\glm-0.9.8.5\detail/type_vec3.hpp(45): warning C4201: nonstandard extension used: nameless struct/union
  C:\Program Files (x86)\Microsoft Visual Studio\2017\Enterprise\VC\Tools\MSVC\14.11.25503\include\vector(1940): note: see reference to class template instantiation 'glm::tvec3<int,0>' being compiled
  C:\Program Files (x86)\Microsoft Visual Studio\2017\Enterprise\VC\Tools\MSVC\14.11.25503\include\vector(1939): note: while compiling class template member function 'void std::vector<glm::ivec3,std::allocator<_Ty>>::_Destroy(glm::tvec3<int,0> *,glm::tvec3<int,0> *)'
          with
          [
              _Ty=glm::ivec3
          ]
  C:\Program Files (x86)\Microsoft Visual Studio\2017\Enterprise\VC\Tools\MSVC\14.11.25503\include\vector(2006): note: see reference to function template instantiation 'void std::vector<glm::ivec3,std::allocator<_Ty>>::_Destroy(glm::tvec3<int,0> *,glm::tvec3<int,0> *)' being compiled
          with
          [
              _Ty=glm::ivec3
          ]
  c:\users\user\stack\projects\hivewe\hivewe\hivewe\Terrain.h(44): note: see reference to class template instantiation 'std::vector<glm::ivec3,std::allocator<_Ty>>' being compiled
          with
          [
              _Ty=glm::ivec3
          ]
c:\users\user\stack\projects\hivewe\hivewe\hivewe\dependencies\glm-0.9.8.5\detail/type_vec3.hpp(46): warning C4201: nonstandard extension used: nameless struct/union
c:\users\user\stack\projects\hivewe\hivewe\hivewe\dependencies\glm-0.9.8.5\detail/type_vec3.hpp(47): warning C4201: nonstandard extension used: nameless struct/union
c:\users\user\stack\projects\hivewe\hivewe\hivewe\ResourceManager.h(11): warning C4100: 'local': unreferenced formal parameter
  GLWidget.cpp(39): note: see reference to function template instantiation 'std::shared_ptr<StaticMesh> ResourceManager::load<StaticMesh>(const std::string,bool)' being compiled
  Map.cpp
Map.cpp(12): warning C4239: nonstandard extension used: 'argument': conversion from 'BinaryReader' to 'BinaryReader &'
  Map.cpp(12): note: A non-const reference may only be bound to an lvalue
Map.cpp(18): warning C4239: nonstandard extension used: 'argument': conversion from 'BinaryReader' to 'BinaryReader &'
  Map.cpp(18): note: A non-const reference may only be bound to an lvalue
  Generating Code...
  HiveWE.vcxproj -> C:\Users\User\stack\Projects\HiveWE\HiveWE\x64\Debug\HiveWE.exe
