c:\users\stijn\stack\projects\hivewe\hivewe\hivewe\x64\release\qrc_hivewe.obj
c:\users\stijn\stack\projects\hivewe\hivewe\hivewe\x64\release\hivewe.pch
c:\users\stijn\stack\projects\hivewe\hivewe\hivewe\x64\release\stdafx.obj
c:\users\stijn\stack\projects\hivewe\hivewe\hivewe\x64\release\utilities.obj
c:\users\stijn\stack\projects\hivewe\hivewe\hivewe\x64\release\texture.obj
c:\users\stijn\stack\projects\hivewe\hivewe\hivewe\x64\release\terrain.obj
c:\users\stijn\stack\projects\hivewe\hivewe\hivewe\x64\release\staticmesh.obj
c:\users\stijn\stack\projects\hivewe\hivewe\hivewe\x64\release\slk.obj
c:\users\stijn\stack\projects\hivewe\hivewe\hivewe\x64\release\shader.obj
c:\users\stijn\stack\projects\hivewe\hivewe\hivewe\x64\release\resourcemanager.obj
c:\users\stijn\stack\projects\hivewe\hivewe\hivewe\x64\release\pathingmap.obj
c:\users\stijn\stack\projects\hivewe\hivewe\hivewe\x64\release\mpq.obj
c:\users\stijn\stack\projects\hivewe\hivewe\hivewe\x64\release\mdx.obj
c:\users\stijn\stack\projects\hivewe\hivewe\hivewe\x64\release\map.obj
c:\users\stijn\stack\projects\hivewe\hivewe\hivewe\x64\release\main.obj
c:\users\stijn\stack\projects\hivewe\hivewe\hivewe\x64\release\hivewe.obj
c:\users\stijn\stack\projects\hivewe\hivewe\hivewe\x64\release\hierarchy.obj
c:\users\stijn\stack\projects\hivewe\hivewe\hivewe\x64\release\glwidget.obj
c:\users\stijn\stack\projects\hivewe\hivewe\hivewe\x64\release\moc_hivewe.obj
c:\users\stijn\stack\projects\hivewe\hivewe\hivewe\x64\release\moc_glwidget.obj
c:\users\stijn\stack\projects\hivewe\hivewe\hivewe\x64\release\doodads.obj
c:\users\stijn\stack\projects\hivewe\hivewe\hivewe\x64\release\blp.obj
c:\users\stijn\stack\projects\hivewe\hivewe\hivewe\generatedfiles\release\moc_glwidget.cpp
c:\users\stijn\stack\projects\hivewe\hivewe\hivewe\generatedfiles\release\moc_hivewe.cpp
c:\users\stijn\stack\projects\hivewe\hivewe\hivewe\generatedfiles\ui_hivewe.h
c:\users\stijn\stack\projects\hivewe\hivewe\hivewe\generatedfiles\qrc_hivewe.cpp
c:\users\stijn\stack\projects\hivewe\hivewe\x64\release\hivewe.ipdb
c:\users\stijn\stack\projects\hivewe\hivewe\x64\release\hivewe.iobj
c:\users\stijn\stack\projects\hivewe\hivewe\x64\release\hivewe.exe
c:\users\stijn\stack\projects\hivewe\hivewe\hivewe\x64\release\hivewe.tlog\cl.command.1.tlog
c:\users\stijn\stack\projects\hivewe\hivewe\hivewe\x64\release\hivewe.tlog\cl.read.1.tlog
c:\users\stijn\stack\projects\hivewe\hivewe\hivewe\x64\release\hivewe.tlog\cl.write.1.tlog
c:\users\stijn\stack\projects\hivewe\hivewe\hivewe\x64\release\hivewe.tlog\custombuild.command.1.tlog
c:\users\stijn\stack\projects\hivewe\hivewe\hivewe\x64\release\hivewe.tlog\custombuild.read.1.tlog
c:\users\stijn\stack\projects\hivewe\hivewe\hivewe\x64\release\hivewe.tlog\custombuild.write.1.tlog
c:\users\stijn\stack\projects\hivewe\hivewe\hivewe\x64\release\hivewe.tlog\hivewe.write.1u.tlog
c:\users\stijn\stack\projects\hivewe\hivewe\hivewe\x64\release\hivewe.tlog\link.command.1.tlog
c:\users\stijn\stack\projects\hivewe\hivewe\hivewe\x64\release\hivewe.tlog\link.read.1.tlog
c:\users\stijn\stack\projects\hivewe\hivewe\hivewe\x64\release\hivewe.tlog\link.write.1.tlog
