C:\Program Files (x86)\Microsoft Visual Studio\2017\Enterprise\Common7\IDE\VC\VCTargets\Microsoft.CppBuild.targets(937,5): warning MSB8027: Two or more files with the name of moc_GLWidget.cpp will produce outputs to the same location. This can lead to an incorrect build result.  The files involved are GeneratedFiles\ReleaseDeb\moc_GLWidget.cpp, GeneratedFiles\Release\moc_GLWidget.cpp.
  stdafx.cpp
C:\Qt\5.9.1\msvc2017_64\include\QtCore/qrefcount.h(79): warning C4127: conditional expression is constant
C:\Qt\5.9.1\msvc2017_64\include\QtCore/qarraydata.h(59): warning C4127: conditional expression is constant
C:\Qt\5.9.1\msvc2017_64\include\QtCore/qarraydata.h(66): warning C4127: conditional expression is constant
C:\Qt\5.9.1\msvc2017_64\include\QtCore/qbytearray.h(467): warning C4127: conditional expression is constant
C:\Qt\5.9.1\msvc2017_64\include\QtCore/qbytearray.h(469): warning C4127: conditional expression is constant
C:\Qt\5.9.1\msvc2017_64\include\QtCore/qbytearray.h(471): warning C4127: conditional expression is constant
C:\Qt\5.9.1\msvc2017_64\include\QtCore/qbytearray.h(549): warning C4127: conditional expression is constant
C:\Qt\5.9.1\msvc2017_64\include\QtCore/qstring.h(885): warning C4127: conditional expression is constant
C:\Qt\5.9.1\msvc2017_64\include\QtCore/qstring.h(887): warning C4127: conditional expression is constant
C:\Qt\5.9.1\msvc2017_64\include\QtCore/qstring.h(889): warning C4127: conditional expression is constant
C:\Qt\5.9.1\msvc2017_64\include\QtCore/qstring.h(907): warning C4127: conditional expression is constant
C:\Qt\5.9.1\msvc2017_64\include\QtCore/qstring.h(1112): warning C4127: conditional expression is constant
C:\Qt\5.9.1\msvc2017_64\include\QtCore/qstring.h(1497): warning C4127: conditional expression is constant
C:\Qt\5.9.1\msvc2017_64\include\QtCore/qmetatype.h(1060): warning C4127: conditional expression is constant
C:\Qt\5.9.1\msvc2017_64\include\QtCore/qmetatype.h(1070): warning C4127: conditional expression is constant
C:\Qt\5.9.1\msvc2017_64\include\QtCore/qmetatype.h(1242): warning C4127: conditional expression is constant
c:\qt\5.9.1\msvc2017_64\include\qtcore\qbitarray.h(120): warning C4127: conditional expression is constant
c:\qt\5.9.1\msvc2017_64\include\qtcore\qbitarray.h(124): warning C4127: conditional expression is constant
c:\qt\5.9.1\msvc2017_64\include\qtcore\qbitarray.h(128): warning C4127: conditional expression is constant
c:\qt\5.9.1\msvc2017_64\include\qtcore\qbitarray.h(135): warning C4127: conditional expression is constant
c:\qt\5.9.1\msvc2017_64\include\qtcore\qbitarray.h(158): warning C4127: conditional expression is constant
C:\Qt\5.9.1\msvc2017_64\include\QtCore/qsharedpointer_impl.h(155): warning C4127: conditional expression is constant
C:\Qt\5.9.1\msvc2017_64\include\QtCore/qmutex.h(78): warning C4127: conditional expression is constant
C:\Qt\5.9.1\msvc2017_64\include\QtCore/qmutex.h(195): warning C4127: conditional expression is constant
c:\qt\5.9.1\msvc2017_64\include\qtcore\qreadwritelock.h(123): warning C4127: conditional expression is constant
c:\qt\5.9.1\msvc2017_64\include\qtcore\qreadwritelock.h(168): warning C4127: conditional expression is constant
C:\Qt\5.9.1\msvc2017_64\include\QtCore/qsize.h(189): warning C4127: conditional expression is constant
C:\Qt\5.9.1\msvc2017_64\include\QtCore/qsize.h(196): warning C4127: conditional expression is constant
C:\Qt\5.9.1\msvc2017_64\include\QtCore/qsize.h(359): warning C4127: conditional expression is constant
C:\Qt\5.9.1\msvc2017_64\include\QtCore/qsize.h(366): warning C4127: conditional expression is constant
C:\Qt\5.9.1\msvc2017_64\include\QtGui/qvector2d.h(155): warning C4127: conditional expression is constant
C:\Qt\5.9.1\msvc2017_64\include\QtGui/qvector2d.h(161): warning C4127: conditional expression is constant
c:\qt\5.9.1\msvc2017_64\include\qtgui\qaccessible.h(671): warning C4127: conditional expression is constant
c:\qt\5.9.1\msvc2017_64\include\qtgui\qaccessible.h(674): warning C4127: conditional expression is constant
c:\qt\5.9.1\msvc2017_64\include\qtgui\qaccessible.h(675): warning C4127: conditional expression is constant
c:\qt\5.9.1\msvc2017_64\include\qtgui\qaccessible.h(676): warning C4127: conditional expression is constant
c:\qt\5.9.1\msvc2017_64\include\qtgui\qaccessible.h(677): warning C4127: conditional expression is constant
c:\qt\5.9.1\msvc2017_64\include\qtgui\qaccessible.h(678): warning C4127: conditional expression is constant
c:\qt\5.9.1\msvc2017_64\include\qtgui\qaccessible.h(679): warning C4127: conditional expression is constant
c:\qt\5.9.1\msvc2017_64\include\qtgui\qaccessible.h(680): warning C4127: conditional expression is constant
c:\qt\5.9.1\msvc2017_64\include\qtgui\qaccessible.h(681): warning C4127: conditional expression is constant
c:\qt\5.9.1\msvc2017_64\include\qtgui\qaccessible.h(687): warning C4127: conditional expression is constant
c:\qt\5.9.1\msvc2017_64\include\qtgui\qaccessible.h(688): warning C4127: conditional expression is constant
c:\qt\5.9.1\msvc2017_64\include\qtgui\qaccessible.h(689): warning C4127: conditional expression is constant
c:\qt\5.9.1\msvc2017_64\include\qtgui\qaccessible.h(690): warning C4127: conditional expression is constant
c:\qt\5.9.1\msvc2017_64\include\qtgui\qaccessible.h(691): warning C4127: conditional expression is constant
c:\qt\5.9.1\msvc2017_64\include\qtgui\qaccessible.h(692): warning C4127: conditional expression is constant
c:\qt\5.9.1\msvc2017_64\include\qtgui\qaccessible.h(693): warning C4127: conditional expression is constant
c:\qt\5.9.1\msvc2017_64\include\qtgui\qaccessible.h(694): warning C4127: conditional expression is constant
c:\qt\5.9.1\msvc2017_64\include\qtgui\qaccessible.h(695): warning C4127: conditional expression is constant
C:\Qt\5.9.1\msvc2017_64\include\QtGui/qvector3d.h(174): warning C4127: conditional expression is constant
C:\Qt\5.9.1\msvc2017_64\include\QtGui/qvector3d.h(180): warning C4127: conditional expression is constant
C:\Qt\5.9.1\msvc2017_64\include\QtGui/qvector4d.h(168): warning C4127: conditional expression is constant
C:\Qt\5.9.1\msvc2017_64\include\QtGui/qvector4d.h(174): warning C4127: conditional expression is constant
c:\qt\5.9.1\msvc2017_64\include\qtgui\qmatrix4x4.h(271): warning C4127: conditional expression is constant
c:\qt\5.9.1\msvc2017_64\include\qtgui\qmatrix4x4.h(277): warning C4127: conditional expression is constant
c:\qt\5.9.1\msvc2017_64\include\qtgui\qmatrix4x4.h(285): warning C4127: conditional expression is constant
c:\qt\5.9.1\msvc2017_64\include\qtgui\qmatrix4x4.h(291): warning C4127: conditional expression is constant
c:\qt\5.9.1\msvc2017_64\include\qtgui\qmatrix4x4.h(301): warning C4127: conditional expression is constant
c:\qt\5.9.1\msvc2017_64\include\qtgui\qmatrix4x4.h(307): warning C4127: conditional expression is constant
C:\Qt\5.9.1\msvc2017_64\include\QtGui/qopenglfunctions.h(597): warning C4127: conditional expression is constant
C:\Qt\5.9.1\msvc2017_64\include\QtGui/qopenglfunctions.h(608): warning C4127: conditional expression is constant
C:\Qt\5.9.1\msvc2017_64\include\QtGui/qopenglfunctions.h(619): warning C4127: conditional expression is constant
C:\Qt\5.9.1\msvc2017_64\include\QtGui/qopenglfunctions.h(630): warning C4127: conditional expression is constant
C:\Qt\5.9.1\msvc2017_64\include\QtGui/qopenglfunctions.h(641): warning C4127: conditional expression is constant
C:\Qt\5.9.1\msvc2017_64\include\QtGui/qopenglfunctions.h(652): warning C4127: conditional expression is constant
C:\Qt\5.9.1\msvc2017_64\include\QtGui/qopenglfunctions.h(663): warning C4127: conditional expression is constant
C:\Qt\5.9.1\msvc2017_64\include\QtGui/qopenglfunctions.h(674): warning C4127: conditional expression is constant
C:\Qt\5.9.1\msvc2017_64\include\QtGui/qopenglfunctions.h(685): warning C4127: conditional expression is constant
C:\Qt\5.9.1\msvc2017_64\include\QtGui/qopenglfunctions.h(696): warning C4127: conditional expression is constant
C:\Qt\5.9.1\msvc2017_64\include\QtGui/qopenglfunctions.h(707): warning C4127: conditional expression is constant
C:\Qt\5.9.1\msvc2017_64\include\QtGui/qopenglfunctions.h(718): warning C4127: conditional expression is constant
C:\Qt\5.9.1\msvc2017_64\include\QtGui/qopenglfunctions.h(729): warning C4127: conditional expression is constant
C:\Qt\5.9.1\msvc2017_64\include\QtGui/qopenglfunctions.h(740): warning C4127: conditional expression is constant
C:\Qt\5.9.1\msvc2017_64\include\QtGui/qopenglfunctions.h(751): warning C4127: conditional expression is constant
C:\Qt\5.9.1\msvc2017_64\include\QtGui/qopenglfunctions.h(762): warning C4127: conditional expression is constant
C:\Qt\5.9.1\msvc2017_64\include\QtGui/qopenglfunctions.h(773): warning C4127: conditional expression is constant
C:\Qt\5.9.1\msvc2017_64\include\QtGui/qopenglfunctions.h(784): warning C4127: conditional expression is constant
C:\Qt\5.9.1\msvc2017_64\include\QtGui/qopenglfunctions.h(795): warning C4127: conditional expression is constant
C:\Qt\5.9.1\msvc2017_64\include\QtGui/qopenglfunctions.h(806): warning C4127: conditional expression is constant
C:\Qt\5.9.1\msvc2017_64\include\QtGui/qopenglfunctions.h(817): warning C4127: conditional expression is constant
C:\Qt\5.9.1\msvc2017_64\include\QtGui/qopenglfunctions.h(828): warning C4127: conditional expression is constant
C:\Qt\5.9.1\msvc2017_64\include\QtGui/qopenglfunctions.h(839): warning C4127: conditional expression is constant
C:\Qt\5.9.1\msvc2017_64\include\QtGui/qopenglfunctions.h(850): warning C4127: conditional expression is constant
C:\Qt\5.9.1\msvc2017_64\include\QtGui/qopenglfunctions.h(861): warning C4127: conditional expression is constant
C:\Qt\5.9.1\msvc2017_64\include\QtGui/qopenglfunctions.h(873): warning C4127: conditional expression is constant
C:\Qt\5.9.1\msvc2017_64\include\QtGui/qopenglfunctions.h(884): warning C4127: conditional expression is constant
C:\Qt\5.9.1\msvc2017_64\include\QtGui/qopenglfunctions.h(895): warning C4127: conditional expression is constant
C:\Qt\5.9.1\msvc2017_64\include\QtGui/qopenglfunctions.h(906): warning C4127: conditional expression is constant
C:\Qt\5.9.1\msvc2017_64\include\QtGui/qopenglfunctions.h(918): warning C4127: conditional expression is constant
C:\Qt\5.9.1\msvc2017_64\include\QtGui/qopenglfunctions.h(930): warning C4127: conditional expression is constant
C:\Qt\5.9.1\msvc2017_64\include\QtGui/qopenglfunctions.h(941): warning C4127: conditional expression is constant
C:\Qt\5.9.1\msvc2017_64\include\QtGui/qopenglfunctions.h(952): warning C4127: conditional expression is constant
C:\Qt\5.9.1\msvc2017_64\include\QtGui/qopenglfunctions.h(963): warning C4127: conditional expression is constant
C:\Qt\5.9.1\msvc2017_64\include\QtGui/qopenglfunctions.h(974): warning C4127: conditional expression is constant
C:\Qt\5.9.1\msvc2017_64\include\QtGui/qopenglfunctions.h(985): warning C4127: conditional expression is constant
C:\Qt\5.9.1\msvc2017_64\include\QtGui/qopenglfunctions.h(996): warning C4127: conditional expression is constant
C:\Qt\5.9.1\msvc2017_64\include\QtGui/qopenglfunctions.h(1007): warning C4127: conditional expression is constant
C:\Qt\5.9.1\msvc2017_64\include\QtGui/qopenglfunctions.h(1018): warning C4127: conditional expression is constant
C:\Qt\5.9.1\msvc2017_64\include\QtGui/qopenglfunctions.h(1029): warning C4127: conditional expression is constant
C:\Qt\5.9.1\msvc2017_64\include\QtGui/qopenglfunctions.h(1040): warning C4127: conditional expression is constant
C:\Qt\5.9.1\msvc2017_64\include\QtGui/qopenglfunctions.h(1051): warning C4127: conditional expression is constant
C:\Qt\5.9.1\msvc2017_64\include\QtGui/qopenglfunctions.h(1062): warning C4127: conditional expression is constant
C:\Qt\5.9.1\msvc2017_64\include\QtGui/qopenglfunctions.h(1073): warning C4127: conditional expression is constant
C:\Qt\5.9.1\msvc2017_64\include\QtGui/qopenglfunctions.h(1084): warning C4127: conditional expression is constant
C:\Qt\5.9.1\msvc2017_64\include\QtGui/qopenglfunctions.h(1097): warning C4127: conditional expression is constant
C:\Qt\5.9.1\msvc2017_64\include\QtGui/qopenglfunctions.h(1108): warning C4127: conditional expression is constant
C:\Qt\5.9.1\msvc2017_64\include\QtGui/qopenglfunctions.h(1119): warning C4127: conditional expression is constant
C:\Qt\5.9.1\msvc2017_64\include\QtGui/qopenglfunctions.h(1130): warning C4127: conditional expression is constant
C:\Qt\5.9.1\msvc2017_64\include\QtGui/qopenglfunctions.h(1143): warning C4127: conditional expression is constant
C:\Qt\5.9.1\msvc2017_64\include\QtGui/qopenglfunctions.h(1154): warning C4127: conditional expression is constant
C:\Qt\5.9.1\msvc2017_64\include\QtGui/qopenglfunctions.h(1165): warning C4127: conditional expression is constant
C:\Qt\5.9.1\msvc2017_64\include\QtGui/qopenglfunctions.h(1176): warning C4127: conditional expression is constant
C:\Qt\5.9.1\msvc2017_64\include\QtGui/qopenglfunctions.h(1187): warning C4127: conditional expression is constant
C:\Qt\5.9.1\msvc2017_64\include\QtGui/qopenglfunctions.h(1198): warning C4127: conditional expression is constant
C:\Qt\5.9.1\msvc2017_64\include\QtGui/qopenglfunctions.h(1209): warning C4127: conditional expression is constant
C:\Qt\5.9.1\msvc2017_64\include\QtGui/qopenglfunctions.h(1220): warning C4127: conditional expression is constant
C:\Qt\5.9.1\msvc2017_64\include\QtGui/qopenglfunctions.h(1231): warning C4127: conditional expression is constant
C:\Qt\5.9.1\msvc2017_64\include\QtGui/qopenglfunctions.h(1243): warning C4127: conditional expression is constant
C:\Qt\5.9.1\msvc2017_64\include\QtGui/qopenglfunctions.h(1254): warning C4127: conditional expression is constant
C:\Qt\5.9.1\msvc2017_64\include\QtGui/qopenglfunctions.h(1265): warning C4127: conditional expression is constant
C:\Qt\5.9.1\msvc2017_64\include\QtGui/qopenglfunctions.h(1276): warning C4127: conditional expression is constant
C:\Qt\5.9.1\msvc2017_64\include\QtGui/qopenglfunctions.h(1287): warning C4127: conditional expression is constant
C:\Qt\5.9.1\msvc2017_64\include\QtGui/qopenglfunctions.h(1299): warning C4127: conditional expression is constant
C:\Qt\5.9.1\msvc2017_64\include\QtGui/qopenglfunctions.h(1311): warning C4127: conditional expression is constant
C:\Qt\5.9.1\msvc2017_64\include\QtGui/qopenglfunctions.h(1322): warning C4127: conditional expression is constant
C:\Qt\5.9.1\msvc2017_64\include\QtGui/qopenglfunctions.h(1333): warning C4127: conditional expression is constant
C:\Qt\5.9.1\msvc2017_64\include\QtGui/qopenglfunctions.h(1344): warning C4127: conditional expression is constant
C:\Qt\5.9.1\msvc2017_64\include\QtGui/qopenglfunctions.h(1355): warning C4127: conditional expression is constant
C:\Qt\5.9.1\msvc2017_64\include\QtGui/qopenglfunctions.h(1366): warning C4127: conditional expression is constant
C:\Qt\5.9.1\msvc2017_64\include\QtGui/qopenglfunctions.h(1377): warning C4127: conditional expression is constant
C:\Qt\5.9.1\msvc2017_64\include\QtGui/qopenglfunctions.h(1388): warning C4127: conditional expression is constant
C:\Qt\5.9.1\msvc2017_64\include\QtGui/qopenglfunctions.h(1399): warning C4127: conditional expression is constant
C:\Qt\5.9.1\msvc2017_64\include\QtGui/qopenglfunctions.h(1410): warning C4127: conditional expression is constant
C:\Qt\5.9.1\msvc2017_64\include\QtGui/qopenglfunctions.h(1421): warning C4127: conditional expression is constant
C:\Qt\5.9.1\msvc2017_64\include\QtGui/qopenglfunctions.h(1432): warning C4127: conditional expression is constant
C:\Qt\5.9.1\msvc2017_64\include\QtGui/qopenglfunctions.h(1443): warning C4127: conditional expression is constant
C:\Qt\5.9.1\msvc2017_64\include\QtGui/qopenglfunctions.h(1454): warning C4127: conditional expression is constant
C:\Qt\5.9.1\msvc2017_64\include\QtGui/qopenglfunctions.h(1465): warning C4127: conditional expression is constant
C:\Qt\5.9.1\msvc2017_64\include\QtGui/qopenglfunctions.h(1476): warning C4127: conditional expression is constant
C:\Qt\5.9.1\msvc2017_64\include\QtGui/qopenglfunctions.h(1487): warning C4127: conditional expression is constant
C:\Qt\5.9.1\msvc2017_64\include\QtGui/qopenglfunctions.h(1498): warning C4127: conditional expression is constant
C:\Qt\5.9.1\msvc2017_64\include\QtGui/qopenglfunctions.h(1509): warning C4127: conditional expression is constant
C:\Qt\5.9.1\msvc2017_64\include\QtGui/qopenglfunctions.h(1521): warning C4127: conditional expression is constant
C:\Qt\5.9.1\msvc2017_64\include\QtGui/qopenglfunctions.h(1532): warning C4127: conditional expression is constant
C:\Qt\5.9.1\msvc2017_64\include\QtGui/qopenglfunctions.h(1543): warning C4127: conditional expression is constant
C:\Qt\5.9.1\msvc2017_64\include\QtGui/qopenglfunctions.h(1554): warning C4127: conditional expression is constant
C:\Qt\5.9.1\msvc2017_64\include\QtGui/qopenglfunctions.h(1565): warning C4127: conditional expression is constant
C:\Qt\5.9.1\msvc2017_64\include\QtGui/qopenglfunctions.h(1576): warning C4127: conditional expression is constant
C:\Qt\5.9.1\msvc2017_64\include\QtGui/qopenglfunctions.h(1587): warning C4127: conditional expression is constant
C:\Qt\5.9.1\msvc2017_64\include\QtGui/qopenglfunctions.h(1598): warning C4127: conditional expression is constant
C:\Qt\5.9.1\msvc2017_64\include\QtGui/qopenglfunctions.h(1609): warning C4127: conditional expression is constant
C:\Qt\5.9.1\msvc2017_64\include\QtGui/qopenglfunctions.h(1620): warning C4127: conditional expression is constant
C:\Qt\5.9.1\msvc2017_64\include\QtGui/qopenglfunctions.h(1631): warning C4127: conditional expression is constant
C:\Qt\5.9.1\msvc2017_64\include\QtGui/qopenglfunctions.h(1642): warning C4127: conditional expression is constant
C:\Qt\5.9.1\msvc2017_64\include\QtGui/qopenglfunctions.h(1654): warning C4127: conditional expression is constant
C:\Qt\5.9.1\msvc2017_64\include\QtGui/qopenglfunctions.h(1665): warning C4127: conditional expression is constant
C:\Qt\5.9.1\msvc2017_64\include\QtGui/qopenglfunctions.h(1676): warning C4127: conditional expression is constant
C:\Qt\5.9.1\msvc2017_64\include\QtGui/qopenglfunctions.h(1687): warning C4127: conditional expression is constant
C:\Qt\5.9.1\msvc2017_64\include\QtGui/qopenglfunctions.h(1699): warning C4127: conditional expression is constant
C:\Qt\5.9.1\msvc2017_64\include\QtGui/qopenglfunctions.h(1711): warning C4127: conditional expression is constant
C:\Qt\5.9.1\msvc2017_64\include\QtGui/qopenglfunctions.h(1723): warning C4127: conditional expression is constant
C:\Qt\5.9.1\msvc2017_64\include\QtGui/qopenglfunctions.h(1735): warning C4127: conditional expression is constant
C:\Qt\5.9.1\msvc2017_64\include\QtGui/qopenglfunctions.h(1747): warning C4127: conditional expression is constant
C:\Qt\5.9.1\msvc2017_64\include\QtGui/qopenglfunctions.h(1758): warning C4127: conditional expression is constant
C:\Qt\5.9.1\msvc2017_64\include\QtGui/qopenglfunctions.h(1769): warning C4127: conditional expression is constant
C:\Qt\5.9.1\msvc2017_64\include\QtGui/qopenglfunctions.h(1780): warning C4127: conditional expression is constant
C:\Qt\5.9.1\msvc2017_64\include\QtGui/qopenglfunctions.h(1791): warning C4127: conditional expression is constant
C:\Qt\5.9.1\msvc2017_64\include\QtGui/qopenglfunctions.h(1802): warning C4127: conditional expression is constant
C:\Qt\5.9.1\msvc2017_64\include\QtGui/qopenglfunctions.h(1813): warning C4127: conditional expression is constant
C:\Qt\5.9.1\msvc2017_64\include\QtGui/qopenglfunctions.h(1824): warning C4127: conditional expression is constant
C:\Qt\5.9.1\msvc2017_64\include\QtGui/qopenglfunctions.h(1835): warning C4127: conditional expression is constant
C:\Qt\5.9.1\msvc2017_64\include\QtGui/qopenglfunctions.h(1846): warning C4127: conditional expression is constant
C:\Qt\5.9.1\msvc2017_64\include\QtGui/qopenglfunctions.h(1857): warning C4127: conditional expression is constant
C:\Qt\5.9.1\msvc2017_64\include\QtGui/qopenglfunctions.h(1868): warning C4127: conditional expression is constant
C:\Qt\5.9.1\msvc2017_64\include\QtGui/qopenglfunctions.h(1879): warning C4127: conditional expression is constant
C:\Qt\5.9.1\msvc2017_64\include\QtGui/qopenglfunctions.h(1890): warning C4127: conditional expression is constant
C:\Qt\5.9.1\msvc2017_64\include\QtGui/qopenglfunctions.h(1901): warning C4127: conditional expression is constant
C:\Qt\5.9.1\msvc2017_64\include\QtGui/qopenglfunctions.h(1912): warning C4127: conditional expression is constant
C:\Qt\5.9.1\msvc2017_64\include\QtGui/qopenglfunctions.h(1923): warning C4127: conditional expression is constant
C:\Qt\5.9.1\msvc2017_64\include\QtGui/qopenglfunctions.h(1934): warning C4127: conditional expression is constant
C:\Qt\5.9.1\msvc2017_64\include\QtGui/qopenglfunctions.h(1945): warning C4127: conditional expression is constant
C:\Qt\5.9.1\msvc2017_64\include\QtGui/qopenglfunctions.h(1956): warning C4127: conditional expression is constant
C:\Qt\5.9.1\msvc2017_64\include\QtGui/qopenglfunctions.h(1967): warning C4127: conditional expression is constant
C:\Qt\5.9.1\msvc2017_64\include\QtGui/qopenglfunctions.h(1978): warning C4127: conditional expression is constant
C:\Qt\5.9.1\msvc2017_64\include\QtGui/qopenglfunctions.h(1989): warning C4127: conditional expression is constant
C:\Qt\5.9.1\msvc2017_64\include\QtGui/qopenglfunctions.h(2000): warning C4127: conditional expression is constant
C:\Qt\5.9.1\msvc2017_64\include\QtGui/qopenglfunctions.h(2011): warning C4127: conditional expression is constant
C:\Qt\5.9.1\msvc2017_64\include\QtGui/qopenglfunctions.h(2022): warning C4127: conditional expression is constant
C:\Qt\5.9.1\msvc2017_64\include\QtGui/qopenglfunctions.h(2033): warning C4127: conditional expression is constant
C:\Qt\5.9.1\msvc2017_64\include\QtGui/qopenglfunctions.h(2044): warning C4127: conditional expression is constant
C:\Qt\5.9.1\msvc2017_64\include\QtGui/qopenglfunctions.h(2055): warning C4127: conditional expression is constant
C:\Qt\5.9.1\msvc2017_64\include\QtGui/qopenglfunctions.h(2066): warning C4127: conditional expression is constant
C:\Qt\5.9.1\msvc2017_64\include\QtGui/qopenglfunctions.h(2077): warning C4127: conditional expression is constant
C:\Qt\5.9.1\msvc2017_64\include\QtGui/qopenglfunctions.h(2088): warning C4127: conditional expression is constant
C:\Qt\5.9.1\msvc2017_64\include\QtGui/qopenglfunctions.h(2099): warning C4127: conditional expression is constant
C:\Qt\5.9.1\msvc2017_64\include\QtGui/qopenglfunctions.h(2110): warning C4127: conditional expression is constant
C:\Qt\5.9.1\msvc2017_64\include\QtGui/qopenglfunctions.h(2121): warning C4127: conditional expression is constant
C:\Qt\5.9.1\msvc2017_64\include\QtGui/qopenglfunctions.h(2132): warning C4127: conditional expression is constant
C:\Qt\5.9.1\msvc2017_64\include\QtGui/qopenglfunctions.h(2143): warning C4127: conditional expression is constant
C:\Qt\5.9.1\msvc2017_64\include\QtGui/qopenglfunctions.h(2154): warning C4127: conditional expression is constant
C:\Qt\5.9.1\msvc2017_64\include\QtGui/qopenglfunctions.h(2165): warning C4127: conditional expression is constant
c:\qt\5.9.1\msvc2017_64\include\qtgui\qopenglextrafunctions.h(627): warning C4127: conditional expression is constant
c:\qt\5.9.1\msvc2017_64\include\qtgui\qopenglextrafunctions.h(635): warning C4127: conditional expression is constant
c:\qt\5.9.1\msvc2017_64\include\qtgui\qopenglextrafunctions.h(643): warning C4127: conditional expression is constant
c:\qt\5.9.1\msvc2017_64\include\qtgui\qopenglextrafunctions.h(651): warning C4127: conditional expression is constant
c:\qt\5.9.1\msvc2017_64\include\qtgui\qopenglextrafunctions.h(659): warning C4127: conditional expression is constant
c:\qt\5.9.1\msvc2017_64\include\qtgui\qopenglextrafunctions.h(667): warning C4127: conditional expression is constant
c:\qt\5.9.1\msvc2017_64\include\qtgui\qopenglextrafunctions.h(675): warning C4127: conditional expression is constant
c:\qt\5.9.1\msvc2017_64\include\qtgui\qopenglextrafunctions.h(683): warning C4127: conditional expression is constant
c:\qt\5.9.1\msvc2017_64\include\qtgui\qopenglextrafunctions.h(691): warning C4127: conditional expression is constant
c:\qt\5.9.1\msvc2017_64\include\qtgui\qopenglextrafunctions.h(699): warning C4127: conditional expression is constant
c:\qt\5.9.1\msvc2017_64\include\qtgui\qopenglextrafunctions.h(707): warning C4127: conditional expression is constant
c:\qt\5.9.1\msvc2017_64\include\qtgui\qopenglextrafunctions.h(715): warning C4127: conditional expression is constant
c:\qt\5.9.1\msvc2017_64\include\qtgui\qopenglextrafunctions.h(723): warning C4127: conditional expression is constant
c:\qt\5.9.1\msvc2017_64\include\qtgui\qopenglextrafunctions.h(732): warning C4127: conditional expression is constant
c:\qt\5.9.1\msvc2017_64\include\qtgui\qopenglextrafunctions.h(740): warning C4127: conditional expression is constant
c:\qt\5.9.1\msvc2017_64\include\qtgui\qopenglextrafunctions.h(748): warning C4127: conditional expression is constant
c:\qt\5.9.1\msvc2017_64\include\qtgui\qopenglextrafunctions.h(756): warning C4127: conditional expression is constant
c:\qt\5.9.1\msvc2017_64\include\qtgui\qopenglextrafunctions.h(764): warning C4127: conditional expression is constant
c:\qt\5.9.1\msvc2017_64\include\qtgui\qopenglextrafunctions.h(772): warning C4127: conditional expression is constant
c:\qt\5.9.1\msvc2017_64\include\qtgui\qopenglextrafunctions.h(780): warning C4127: conditional expression is constant
c:\qt\5.9.1\msvc2017_64\include\qtgui\qopenglextrafunctions.h(788): warning C4127: conditional expression is constant
c:\qt\5.9.1\msvc2017_64\include\qtgui\qopenglextrafunctions.h(796): warning C4127: conditional expression is constant
c:\qt\5.9.1\msvc2017_64\include\qtgui\qopenglextrafunctions.h(804): warning C4127: conditional expression is constant
c:\qt\5.9.1\msvc2017_64\include\qtgui\qopenglextrafunctions.h(812): warning C4127: conditional expression is constant
c:\qt\5.9.1\msvc2017_64\include\qtgui\qopenglextrafunctions.h(820): warning C4127: conditional expression is constant
c:\qt\5.9.1\msvc2017_64\include\qtgui\qopenglextrafunctions.h(828): warning C4127: conditional expression is constant
c:\qt\5.9.1\msvc2017_64\include\qtgui\qopenglextrafunctions.h(836): warning C4127: conditional expression is constant
c:\qt\5.9.1\msvc2017_64\include\qtgui\qopenglextrafunctions.h(844): warning C4127: conditional expression is constant
c:\qt\5.9.1\msvc2017_64\include\qtgui\qopenglextrafunctions.h(852): warning C4127: conditional expression is constant
c:\qt\5.9.1\msvc2017_64\include\qtgui\qopenglextrafunctions.h(861): warning C4127: conditional expression is constant
c:\qt\5.9.1\msvc2017_64\include\qtgui\qopenglextrafunctions.h(869): warning C4127: conditional expression is constant
c:\qt\5.9.1\msvc2017_64\include\qtgui\qopenglextrafunctions.h(877): warning C4127: conditional expression is constant
c:\qt\5.9.1\msvc2017_64\include\qtgui\qopenglextrafunctions.h(885): warning C4127: conditional expression is constant
c:\qt\5.9.1\msvc2017_64\include\qtgui\qopenglextrafunctions.h(893): warning C4127: conditional expression is constant
c:\qt\5.9.1\msvc2017_64\include\qtgui\qopenglextrafunctions.h(901): warning C4127: conditional expression is constant
c:\qt\5.9.1\msvc2017_64\include\qtgui\qopenglextrafunctions.h(909): warning C4127: conditional expression is constant
c:\qt\5.9.1\msvc2017_64\include\qtgui\qopenglextrafunctions.h(917): warning C4127: conditional expression is constant
c:\qt\5.9.1\msvc2017_64\include\qtgui\qopenglextrafunctions.h(925): warning C4127: conditional expression is constant
c:\qt\5.9.1\msvc2017_64\include\qtgui\qopenglextrafunctions.h(933): warning C4127: conditional expression is constant
c:\qt\5.9.1\msvc2017_64\include\qtgui\qopenglextrafunctions.h(941): warning C4127: conditional expression is constant
c:\qt\5.9.1\msvc2017_64\include\qtgui\qopenglextrafunctions.h(949): warning C4127: conditional expression is constant
c:\qt\5.9.1\msvc2017_64\include\qtgui\qopenglextrafunctions.h(958): warning C4127: conditional expression is constant
c:\qt\5.9.1\msvc2017_64\include\qtgui\qopenglextrafunctions.h(966): warning C4127: conditional expression is constant
c:\qt\5.9.1\msvc2017_64\include\qtgui\qopenglextrafunctions.h(974): warning C4127: conditional expression is constant
c:\qt\5.9.1\msvc2017_64\include\qtgui\qopenglextrafunctions.h(982): warning C4127: conditional expression is constant
c:\qt\5.9.1\msvc2017_64\include\qtgui\qopenglextrafunctions.h(990): warning C4127: conditional expression is constant
c:\qt\5.9.1\msvc2017_64\include\qtgui\qopenglextrafunctions.h(998): warning C4127: conditional expression is constant
c:\qt\5.9.1\msvc2017_64\include\qtgui\qopenglextrafunctions.h(1006): warning C4127: conditional expression is constant
c:\qt\5.9.1\msvc2017_64\include\qtgui\qopenglextrafunctions.h(1014): warning C4127: conditional expression is constant
c:\qt\5.9.1\msvc2017_64\include\qtgui\qopenglextrafunctions.h(1022): warning C4127: conditional expression is constant
c:\qt\5.9.1\msvc2017_64\include\qtgui\qopenglextrafunctions.h(1030): warning C4127: conditional expression is constant
c:\qt\5.9.1\msvc2017_64\include\qtgui\qopenglextrafunctions.h(1039): warning C4127: conditional expression is constant
c:\qt\5.9.1\msvc2017_64\include\qtgui\qopenglextrafunctions.h(1047): warning C4127: conditional expression is constant
c:\qt\5.9.1\msvc2017_64\include\qtgui\qopenglextrafunctions.h(1055): warning C4127: conditional expression is constant
c:\qt\5.9.1\msvc2017_64\include\qtgui\qopenglextrafunctions.h(1064): warning C4127: conditional expression is constant
c:\qt\5.9.1\msvc2017_64\include\qtgui\qopenglextrafunctions.h(1072): warning C4127: conditional expression is constant
c:\qt\5.9.1\msvc2017_64\include\qtgui\qopenglextrafunctions.h(1080): warning C4127: conditional expression is constant
c:\qt\5.9.1\msvc2017_64\include\qtgui\qopenglextrafunctions.h(1088): warning C4127: conditional expression is constant
c:\qt\5.9.1\msvc2017_64\include\qtgui\qopenglextrafunctions.h(1096): warning C4127: conditional expression is constant
c:\qt\5.9.1\msvc2017_64\include\qtgui\qopenglextrafunctions.h(1104): warning C4127: conditional expression is constant
c:\qt\5.9.1\msvc2017_64\include\qtgui\qopenglextrafunctions.h(1112): warning C4127: conditional expression is constant
c:\qt\5.9.1\msvc2017_64\include\qtgui\qopenglextrafunctions.h(1121): warning C4127: conditional expression is constant
c:\qt\5.9.1\msvc2017_64\include\qtgui\qopenglextrafunctions.h(1130): warning C4127: conditional expression is constant
c:\qt\5.9.1\msvc2017_64\include\qtgui\qopenglextrafunctions.h(1139): warning C4127: conditional expression is constant
c:\qt\5.9.1\msvc2017_64\include\qtgui\qopenglextrafunctions.h(1148): warning C4127: conditional expression is constant
c:\qt\5.9.1\msvc2017_64\include\qtgui\qopenglextrafunctions.h(1157): warning C4127: conditional expression is constant
c:\qt\5.9.1\msvc2017_64\include\qtgui\qopenglextrafunctions.h(1166): warning C4127: conditional expression is constant
c:\qt\5.9.1\msvc2017_64\include\qtgui\qopenglextrafunctions.h(1174): warning C4127: conditional expression is constant
c:\qt\5.9.1\msvc2017_64\include\qtgui\qopenglextrafunctions.h(1182): warning C4127: conditional expression is constant
c:\qt\5.9.1\msvc2017_64\include\qtgui\qopenglextrafunctions.h(1190): warning C4127: conditional expression is constant
c:\qt\5.9.1\msvc2017_64\include\qtgui\qopenglextrafunctions.h(1198): warning C4127: conditional expression is constant
c:\qt\5.9.1\msvc2017_64\include\qtgui\qopenglextrafunctions.h(1206): warning C4127: conditional expression is constant
c:\qt\5.9.1\msvc2017_64\include\qtgui\qopenglextrafunctions.h(1214): warning C4127: conditional expression is constant
c:\qt\5.9.1\msvc2017_64\include\qtgui\qopenglextrafunctions.h(1222): warning C4127: conditional expression is constant
c:\qt\5.9.1\msvc2017_64\include\qtgui\qopenglextrafunctions.h(1230): warning C4127: conditional expression is constant
c:\qt\5.9.1\msvc2017_64\include\qtgui\qopenglextrafunctions.h(1238): warning C4127: conditional expression is constant
c:\qt\5.9.1\msvc2017_64\include\qtgui\qopenglextrafunctions.h(1246): warning C4127: conditional expression is constant
c:\qt\5.9.1\msvc2017_64\include\qtgui\qopenglextrafunctions.h(1254): warning C4127: conditional expression is constant
c:\qt\5.9.1\msvc2017_64\include\qtgui\qopenglextrafunctions.h(1262): warning C4127: conditional expression is constant
c:\qt\5.9.1\msvc2017_64\include\qtgui\qopenglextrafunctions.h(1270): warning C4127: conditional expression is constant
c:\qt\5.9.1\msvc2017_64\include\qtgui\qopenglextrafunctions.h(1278): warning C4127: conditional expression is constant
c:\qt\5.9.1\msvc2017_64\include\qtgui\qopenglextrafunctions.h(1286): warning C4127: conditional expression is constant
c:\qt\5.9.1\msvc2017_64\include\qtgui\qopenglextrafunctions.h(1294): warning C4127: conditional expression is constant
c:\qt\5.9.1\msvc2017_64\include\qtgui\qopenglextrafunctions.h(1302): warning C4127: conditional expression is constant
c:\qt\5.9.1\msvc2017_64\include\qtgui\qopenglextrafunctions.h(1310): warning C4127: conditional expression is constant
c:\qt\5.9.1\msvc2017_64\include\qtgui\qopenglextrafunctions.h(1318): warning C4127: conditional expression is constant
c:\qt\5.9.1\msvc2017_64\include\qtgui\qopenglextrafunctions.h(1326): warning C4127: conditional expression is constant
c:\qt\5.9.1\msvc2017_64\include\qtgui\qopenglextrafunctions.h(1334): warning C4127: conditional expression is constant
c:\qt\5.9.1\msvc2017_64\include\qtgui\qopenglextrafunctions.h(1342): warning C4127: conditional expression is constant
c:\qt\5.9.1\msvc2017_64\include\qtgui\qopenglextrafunctions.h(1350): warning C4127: conditional expression is constant
c:\qt\5.9.1\msvc2017_64\include\qtgui\qopenglextrafunctions.h(1358): warning C4127: conditional expression is constant
c:\qt\5.9.1\msvc2017_64\include\qtgui\qopenglextrafunctions.h(1366): warning C4127: conditional expression is constant
c:\qt\5.9.1\msvc2017_64\include\qtgui\qopenglextrafunctions.h(1374): warning C4127: conditional expression is constant
c:\qt\5.9.1\msvc2017_64\include\qtgui\qopenglextrafunctions.h(1382): warning C4127: conditional expression is constant
c:\qt\5.9.1\msvc2017_64\include\qtgui\qopenglextrafunctions.h(1390): warning C4127: conditional expression is constant
c:\qt\5.9.1\msvc2017_64\include\qtgui\qopenglextrafunctions.h(1398): warning C4127: conditional expression is constant
c:\qt\5.9.1\msvc2017_64\include\qtgui\qopenglextrafunctions.h(1406): warning C4127: conditional expression is constant
c:\qt\5.9.1\msvc2017_64\include\qtgui\qopenglextrafunctions.h(1415): warning C4127: conditional expression is constant
c:\qt\5.9.1\msvc2017_64\include\qtgui\qopenglextrafunctions.h(1423): warning C4127: conditional expression is constant
c:\qt\5.9.1\msvc2017_64\include\qtgui\qopenglextrafunctions.h(1431): warning C4127: conditional expression is constant
c:\qt\5.9.1\msvc2017_64\include\qtgui\qopenglextrafunctions.h(1439): warning C4127: conditional expression is constant
c:\qt\5.9.1\msvc2017_64\include\qtgui\qopenglextrafunctions.h(1447): warning C4127: conditional expression is constant
c:\qt\5.9.1\msvc2017_64\include\qtgui\qopenglextrafunctions.h(1455): warning C4127: conditional expression is constant
c:\qt\5.9.1\msvc2017_64\include\qtgui\qopenglextrafunctions.h(1463): warning C4127: conditional expression is constant
c:\qt\5.9.1\msvc2017_64\include\qtgui\qopenglextrafunctions.h(1471): warning C4127: conditional expression is constant
c:\qt\5.9.1\msvc2017_64\include\qtgui\qopenglextrafunctions.h(1479): warning C4127: conditional expression is constant
c:\qt\5.9.1\msvc2017_64\include\qtgui\qopenglextrafunctions.h(1487): warning C4127: conditional expression is constant
c:\qt\5.9.1\msvc2017_64\include\qtgui\qopenglextrafunctions.h(1495): warning C4127: conditional expression is constant
c:\qt\5.9.1\msvc2017_64\include\qtgui\qopenglextrafunctions.h(1503): warning C4127: conditional expression is constant
c:\qt\5.9.1\msvc2017_64\include\qtgui\qopenglextrafunctions.h(1512): warning C4127: conditional expression is constant
c:\qt\5.9.1\msvc2017_64\include\qtgui\qopenglextrafunctions.h(1520): warning C4127: conditional expression is constant
c:\qt\5.9.1\msvc2017_64\include\qtgui\qopenglextrafunctions.h(1528): warning C4127: conditional expression is constant
c:\qt\5.9.1\msvc2017_64\include\qtgui\qopenglextrafunctions.h(1536): warning C4127: conditional expression is constant
c:\qt\5.9.1\msvc2017_64\include\qtgui\qopenglextrafunctions.h(1544): warning C4127: conditional expression is constant
c:\qt\5.9.1\msvc2017_64\include\qtgui\qopenglextrafunctions.h(1552): warning C4127: conditional expression is constant
c:\qt\5.9.1\msvc2017_64\include\qtgui\qopenglextrafunctions.h(1560): warning C4127: conditional expression is constant
c:\qt\5.9.1\msvc2017_64\include\qtgui\qopenglextrafunctions.h(1568): warning C4127: conditional expression is constant
c:\qt\5.9.1\msvc2017_64\include\qtgui\qopenglextrafunctions.h(1576): warning C4127: conditional expression is constant
c:\qt\5.9.1\msvc2017_64\include\qtgui\qopenglextrafunctions.h(1584): warning C4127: conditional expression is constant
c:\qt\5.9.1\msvc2017_64\include\qtgui\qopenglextrafunctions.h(1592): warning C4127: conditional expression is constant
c:\qt\5.9.1\msvc2017_64\include\qtgui\qopenglextrafunctions.h(1600): warning C4127: conditional expression is constant
c:\qt\5.9.1\msvc2017_64\include\qtgui\qopenglextrafunctions.h(1608): warning C4127: conditional expression is constant
c:\qt\5.9.1\msvc2017_64\include\qtgui\qopenglextrafunctions.h(1616): warning C4127: conditional expression is constant
c:\qt\5.9.1\msvc2017_64\include\qtgui\qopenglextrafunctions.h(1625): warning C4127: conditional expression is constant
c:\qt\5.9.1\msvc2017_64\include\qtgui\qopenglextrafunctions.h(1634): warning C4127: conditional expression is constant
c:\qt\5.9.1\msvc2017_64\include\qtgui\qopenglextrafunctions.h(1642): warning C4127: conditional expression is constant
c:\qt\5.9.1\msvc2017_64\include\qtgui\qopenglextrafunctions.h(1650): warning C4127: conditional expression is constant
c:\qt\5.9.1\msvc2017_64\include\qtgui\qopenglextrafunctions.h(1658): warning C4127: conditional expression is constant
c:\qt\5.9.1\msvc2017_64\include\qtgui\qopenglextrafunctions.h(1666): warning C4127: conditional expression is constant
c:\qt\5.9.1\msvc2017_64\include\qtgui\qopenglextrafunctions.h(1675): warning C4127: conditional expression is constant
c:\qt\5.9.1\msvc2017_64\include\qtgui\qopenglextrafunctions.h(1683): warning C4127: conditional expression is constant
c:\qt\5.9.1\msvc2017_64\include\qtgui\qopenglextrafunctions.h(1691): warning C4127: conditional expression is constant
c:\qt\5.9.1\msvc2017_64\include\qtgui\qopenglextrafunctions.h(1699): warning C4127: conditional expression is constant
c:\qt\5.9.1\msvc2017_64\include\qtgui\qopenglextrafunctions.h(1707): warning C4127: conditional expression is constant
c:\qt\5.9.1\msvc2017_64\include\qtgui\qopenglextrafunctions.h(1715): warning C4127: conditional expression is constant
c:\qt\5.9.1\msvc2017_64\include\qtgui\qopenglextrafunctions.h(1723): warning C4127: conditional expression is constant
c:\qt\5.9.1\msvc2017_64\include\qtgui\qopenglextrafunctions.h(1731): warning C4127: conditional expression is constant
c:\qt\5.9.1\msvc2017_64\include\qtgui\qopenglextrafunctions.h(1739): warning C4127: conditional expression is constant
c:\qt\5.9.1\msvc2017_64\include\qtgui\qopenglextrafunctions.h(1747): warning C4127: conditional expression is constant
c:\qt\5.9.1\msvc2017_64\include\qtgui\qopenglextrafunctions.h(1755): warning C4127: conditional expression is constant
c:\qt\5.9.1\msvc2017_64\include\qtgui\qopenglextrafunctions.h(1763): warning C4127: conditional expression is constant
c:\qt\5.9.1\msvc2017_64\include\qtgui\qopenglextrafunctions.h(1771): warning C4127: conditional expression is constant
c:\qt\5.9.1\msvc2017_64\include\qtgui\qopenglextrafunctions.h(1779): warning C4127: conditional expression is constant
c:\qt\5.9.1\msvc2017_64\include\qtgui\qopenglextrafunctions.h(1787): warning C4127: conditional expression is constant
c:\qt\5.9.1\msvc2017_64\include\qtgui\qopenglextrafunctions.h(1795): warning C4127: conditional expression is constant
c:\qt\5.9.1\msvc2017_64\include\qtgui\qopenglextrafunctions.h(1803): warning C4127: conditional expression is constant
c:\qt\5.9.1\msvc2017_64\include\qtgui\qopenglextrafunctions.h(1811): warning C4127: conditional expression is constant
c:\qt\5.9.1\msvc2017_64\include\qtgui\qopenglextrafunctions.h(1819): warning C4127: conditional expression is constant
c:\qt\5.9.1\msvc2017_64\include\qtgui\qopenglextrafunctions.h(1827): warning C4127: conditional expression is constant
c:\qt\5.9.1\msvc2017_64\include\qtgui\qopenglextrafunctions.h(1835): warning C4127: conditional expression is constant
c:\qt\5.9.1\msvc2017_64\include\qtgui\qopenglextrafunctions.h(1843): warning C4127: conditional expression is constant
c:\qt\5.9.1\msvc2017_64\include\qtgui\qopenglextrafunctions.h(1851): warning C4127: conditional expression is constant
c:\qt\5.9.1\msvc2017_64\include\qtgui\qopenglextrafunctions.h(1859): warning C4127: conditional expression is constant
c:\qt\5.9.1\msvc2017_64\include\qtgui\qopenglextrafunctions.h(1867): warning C4127: conditional expression is constant
c:\qt\5.9.1\msvc2017_64\include\qtgui\qopenglextrafunctions.h(1875): warning C4127: conditional expression is constant
c:\qt\5.9.1\msvc2017_64\include\qtgui\qopenglextrafunctions.h(1883): warning C4127: conditional expression is constant
c:\qt\5.9.1\msvc2017_64\include\qtgui\qopenglextrafunctions.h(1891): warning C4127: conditional expression is constant
c:\qt\5.9.1\msvc2017_64\include\qtgui\qopenglextrafunctions.h(1899): warning C4127: conditional expression is constant
c:\qt\5.9.1\msvc2017_64\include\qtgui\qopenglextrafunctions.h(1907): warning C4127: conditional expression is constant
c:\qt\5.9.1\msvc2017_64\include\qtgui\qopenglextrafunctions.h(1915): warning C4127: conditional expression is constant
c:\qt\5.9.1\msvc2017_64\include\qtgui\qopenglextrafunctions.h(1923): warning C4127: conditional expression is constant
c:\qt\5.9.1\msvc2017_64\include\qtgui\qopenglextrafunctions.h(1931): warning C4127: conditional expression is constant
c:\qt\5.9.1\msvc2017_64\include\qtgui\qopenglextrafunctions.h(1939): warning C4127: conditional expression is constant
c:\qt\5.9.1\msvc2017_64\include\qtgui\qopenglextrafunctions.h(1947): warning C4127: conditional expression is constant
c:\qt\5.9.1\msvc2017_64\include\qtgui\qopenglextrafunctions.h(1955): warning C4127: conditional expression is constant
c:\qt\5.9.1\msvc2017_64\include\qtgui\qopenglextrafunctions.h(1963): warning C4127: conditional expression is constant
c:\qt\5.9.1\msvc2017_64\include\qtgui\qopenglextrafunctions.h(1971): warning C4127: conditional expression is constant
c:\qt\5.9.1\msvc2017_64\include\qtgui\qopenglextrafunctions.h(1979): warning C4127: conditional expression is constant
c:\qt\5.9.1\msvc2017_64\include\qtgui\qopenglextrafunctions.h(1987): warning C4127: conditional expression is constant
c:\qt\5.9.1\msvc2017_64\include\qtgui\qopenglextrafunctions.h(1995): warning C4127: conditional expression is constant
c:\qt\5.9.1\msvc2017_64\include\qtgui\qopenglextrafunctions.h(2003): warning C4127: conditional expression is constant
c:\qt\5.9.1\msvc2017_64\include\qtgui\qopenglextrafunctions.h(2011): warning C4127: conditional expression is constant
c:\qt\5.9.1\msvc2017_64\include\qtgui\qopenglvertexarrayobject.h(75): warning C4127: conditional expression is constant
c:\qt\5.9.1\msvc2017_64\include\qtgui\qpaintengine.h(321): warning C4127: conditional expression is constant
c:\qt\5.9.1\msvc2017_64\include\qtgui\qpaintengine.h(326): warning C4127: conditional expression is constant
c:\qt\5.9.1\msvc2017_64\include\qtgui\qpaintengine.h(332): warning C4127: conditional expression is constant
c:\qt\5.9.1\msvc2017_64\include\qtwidgets\qstylepainter.h(59): warning C4127: conditional expression is constant
c:\users\stijn\stack\projects\hivewe\hivewe\hivewe\dependencies\glm-0.9.8.5\detail/type_vec2.hpp(45): warning C4201: nonstandard extension used: nameless struct/union
  c:\users\stijn\stack\projects\hivewe\hivewe\hivewe\dependencies\glm-0.9.8.5\detail/type_vec2.hpp(206): note: see reference to class template instantiation 'glm::tvec2<T,P>' being compiled
c:\users\stijn\stack\projects\hivewe\hivewe\hivewe\dependencies\glm-0.9.8.5\detail/type_vec2.hpp(46): warning C4201: nonstandard extension used: nameless struct/union
c:\users\stijn\stack\projects\hivewe\hivewe\hivewe\dependencies\glm-0.9.8.5\detail/type_vec2.hpp(47): warning C4201: nonstandard extension used: nameless struct/union
c:\users\stijn\stack\projects\hivewe\hivewe\hivewe\dependencies\glm-0.9.8.5\detail/type_vec3.hpp(45): warning C4201: nonstandard extension used: nameless struct/union
  c:\users\stijn\stack\projects\hivewe\hivewe\hivewe\dependencies\glm-0.9.8.5\detail/type_vec3.hpp(227): note: see reference to class template instantiation 'glm::tvec3<T,P>' being compiled
c:\users\stijn\stack\projects\hivewe\hivewe\hivewe\dependencies\glm-0.9.8.5\detail/type_vec3.hpp(46): warning C4201: nonstandard extension used: nameless struct/union
c:\users\stijn\stack\projects\hivewe\hivewe\hivewe\dependencies\glm-0.9.8.5\detail/type_vec3.hpp(47): warning C4201: nonstandard extension used: nameless struct/union
c:\users\stijn\stack\projects\hivewe\hivewe\hivewe\dependencies\glm-0.9.8.5\detail/type_vec4.hpp(45): warning C4201: nonstandard extension used: nameless struct/union
  c:\users\stijn\stack\projects\hivewe\hivewe\hivewe\dependencies\glm-0.9.8.5\detail/type_vec4.hpp(272): note: see reference to class template instantiation 'glm::tvec4<T,P>' being compiled
c:\users\stijn\stack\projects\hivewe\hivewe\hivewe\dependencies\glm-0.9.8.5\detail/type_vec4.hpp(46): warning C4201: nonstandard extension used: nameless struct/union
c:\users\stijn\stack\projects\hivewe\hivewe\hivewe\dependencies\glm-0.9.8.5\detail/type_vec4.hpp(47): warning C4201: nonstandard extension used: nameless struct/union
c:\users\stijn\stack\projects\hivewe\hivewe\hivewe\BinaryReader.h(26): warning C4267: 'initializing': conversion from 'size_t' to 'int', possible loss of data
C:\Qt\5.9.1\msvc2017_64\include\QtCore/qstring.h(202): warning C4127: conditional expression is constant
  C:\Qt\5.9.1\msvc2017_64\include\QtCore/qstring.h(201): note: while compiling class template member function 'QStringData *QStaticStringData<8>::data_ptr(void) const'
  .\GeneratedFiles\ui_HiveWE.h(68): note: see reference to function template instantiation 'QStringData *QStaticStringData<8>::data_ptr(void) const' being compiled
  .\GeneratedFiles\ui_HiveWE.h(68): note: see reference to class template instantiation 'QStaticStringData<8>' being compiled
C:\Qt\5.9.1\msvc2017_64\include\QtCore/qvector.h(239): warning C4127: conditional expression is constant
  C:\Qt\5.9.1\msvc2017_64\include\QtCore/qvector.h(239): note: while compiling class template member function 'const QPointF &QVector<QPointF>::last(void) const'
  C:\Qt\5.9.1\msvc2017_64\include\QtGui/qpolygon.h(169): note: see reference to function template instantiation 'const QPointF &QVector<QPointF>::last(void) const' being compiled
  C:\Qt\5.9.1\msvc2017_64\include\QtCore/qvector.h(993): note: see reference to class template instantiation 'QVector<QPointF>' being compiled
C:\Qt\5.9.1\msvc2017_64\include\QtCore/qvector.h(236): warning C4127: conditional expression is constant
  C:\Qt\5.9.1\msvc2017_64\include\QtCore/qvector.h(236): note: while compiling class template member function 'const QPointF &QVector<QPointF>::first(void) const'
  C:\Qt\5.9.1\msvc2017_64\include\QtGui/qpolygon.h(169): note: see reference to function template instantiation 'const QPointF &QVector<QPointF>::first(void) const' being compiled
C:\Qt\5.9.1\msvc2017_64\include\QtCore/qmetatype.h(2078): warning C4127: conditional expression is constant
  C:\Qt\5.9.1\msvc2017_64\include\QtCore/qmetatype.h(2078): note: while compiling class template member function 'int QMetaTypeId<T>::qt_metatype_id(void)'
          with
          [
              T=QPair<QVariant,QVariant>
          ]
  C:\Qt\5.9.1\msvc2017_64\include\QtCore/qmetatype.h(1598): note: see reference to function template instantiation 'int QMetaTypeId<T>::qt_metatype_id(void)' being compiled
          with
          [
              T=QPair<QVariant,QVariant>
          ]
  C:\Qt\5.9.1\msvc2017_64\include\QtCore/qmetatype.h(1597): note: see reference to class template instantiation 'QMetaTypeId<T>' being compiled
          with
          [
              T=QPair<QVariant,QVariant>
          ]
  C:\Qt\5.9.1\msvc2017_64\include\QtCore/qmetatype.h(1732): note: see reference to class template instantiation 'QMetaTypeId2<T>' being compiled
          with
          [
              T=QPair<QVariant,QVariant>
          ]
  C:\Qt\5.9.1\msvc2017_64\include\QtCore/qvariant.h(810): note: see reference to function template instantiation 'int qMetaTypeId<QPair<QVariant,QVariant>>(void)' being compiled
C:\Qt\5.9.1\msvc2017_64\include\QtCore/qvector.h(393): warning C4127: conditional expression is constant
  C:\Qt\5.9.1\msvc2017_64\include\QtCore/qvector.h(384): note: while compiling class template member function 'void QVector<int>::detach(void)'
  C:\Qt\5.9.1\msvc2017_64\include\QtCore/qvector.h(204): note: see reference to function template instantiation 'void QVector<int>::detach(void)' being compiled
  c:\qt\5.9.1\msvc2017_64\include\qtcore\qabstractitemmodel.h(254): note: see reference to class template instantiation 'QVector<int>' being compiled
C:\Qt\5.9.1\msvc2017_64\include\QtCore/qvector.h(430): warning C4127: conditional expression is constant
  C:\Qt\5.9.1\msvc2017_64\include\QtCore/qvector.h(430): note: while compiling class template member function 'const int &QVector<int>::at(int) const'
  C:\Qt\5.9.1\msvc2017_64\include\QtCore/qversionnumber.h(175): note: see reference to function template instantiation 'const int &QVector<int>::at(int) const' being compiled
C:\Qt\5.9.1\msvc2017_64\include\QtCore/qmetatype.h(1671): warning C4127: conditional expression is constant
  C:\Qt\5.9.1\msvc2017_64\include\QtCore/qmetatype.h(2078): note: see reference to function template instantiation 'int qRegisterNormalizedMetaType<QPair<QVariant,QVariant>>(const QByteArray &,T *,QtPrivate::MetaTypeDefinedHelper<T,true>::DefinedType)' being compiled
          with
          [
              T=QPair<QVariant,QVariant>
          ]
  C:\Qt\5.9.1\msvc2017_64\include\QtCore/qmetatype.h(2078): note: while compiling class template member function 'int QMetaTypeId<T>::qt_metatype_id(void)'
          with
          [
              T=QPair<QVariant,QVariant>
          ]
  C:\Qt\5.9.1\msvc2017_64\include\QtCore/qmetatype.h(1598): note: see reference to function template instantiation 'int QMetaTypeId<T>::qt_metatype_id(void)' being compiled
          with
          [
              T=QPair<QVariant,QVariant>
          ]
C:\Qt\5.9.1\msvc2017_64\include\QtCore/qvector.h(535): warning C4127: conditional expression is constant
  C:\Qt\5.9.1\msvc2017_64\include\QtCore/qvector.h(534): note: while compiling class template member function 'void QVector<int>::reallocData(const int,const int,QArrayData::AllocationOptions)'
  C:\Qt\5.9.1\msvc2017_64\include\QtCore/qvector.h(423): note: see reference to function template instantiation 'void QVector<int>::reallocData(const int,const int,QArrayData::AllocationOptions)' being compiled
  C:\Qt\5.9.1\msvc2017_64\include\QtCore/qvector.h(511): note: while compiling class template member function 'QVector<int>::QVector(std::initializer_list<T>)'
          with
          [
              T=int
          ]
  C:\Qt\5.9.1\msvc2017_64\include\QtCore/qversionnumber.h(149): note: see reference to function template instantiation 'QVector<int>::QVector(std::initializer_list<T>)' being compiled
          with
          [
              T=int
          ]
C:\Qt\5.9.1\msvc2017_64\include\QtCore/qvector.h(548): warning C4127: conditional expression is constant
C:\Qt\5.9.1\msvc2017_64\include\QtCore/qvector.h(550): warning C4127: conditional expression is constant
C:\Qt\5.9.1\msvc2017_64\include\QtCore/qvector.h(587): warning C4127: conditional expression is constant
C:\Qt\5.9.1\msvc2017_64\include\QtCore/qvector.h(588): warning C4127: conditional expression is constant
C:\Qt\5.9.1\msvc2017_64\include\QtCore/qvector.h(589): warning C4127: conditional expression is constant
C:\Qt\5.9.1\msvc2017_64\include\QtCore/qvector.h(613): warning C4127: conditional expression is constant
C:\Qt\5.9.1\msvc2017_64\include\QtCore/qvector.h(614): warning C4127: conditional expression is constant
C:\Qt\5.9.1\msvc2017_64\include\QtCore/qvector.h(616): warning C4127: conditional expression is constant
C:\Qt\5.9.1\msvc2017_64\include\QtCore/qvector.h(618): warning C4127: conditional expression is constant
C:\Qt\5.9.1\msvc2017_64\include\QtCore/qvector.h(619): warning C4127: conditional expression is constant
C:\Qt\5.9.1\msvc2017_64\include\QtCore/qvector.h(620): warning C4127: conditional expression is constant
C:\Qt\5.9.1\msvc2017_64\include\QtCore/qvector.h(334): warning C4127: conditional expression is constant
  C:\Qt\5.9.1\msvc2017_64\include\QtCore/qvector.h(334): note: consider using 'if constexpr' statement instead
  C:\Qt\5.9.1\msvc2017_64\include\QtCore/qvector.h(333): note: while compiling class template member function 'void QVector<int>::copyConstruct(const T *,const T *,T *)'
          with
          [
              T=int
          ]
  C:\Qt\5.9.1\msvc2017_64\include\QtCore/qvector.h(517): note: see reference to function template instantiation 'void QVector<int>::copyConstruct(const T *,const T *,T *)' being compiled
          with
          [
              T=int
          ]
C:\Qt\5.9.1\msvc2017_64\include\QtCore/qvector.h(318): warning C4127: conditional expression is constant
  C:\Qt\5.9.1\msvc2017_64\include\QtCore/qvector.h(318): note: consider using 'if constexpr' statement instead
  C:\Qt\5.9.1\msvc2017_64\include\QtCore/qvector.h(317): note: while compiling class template member function 'void QVector<int>::defaultConstruct(T *,T *)'
          with
          [
              T=int
          ]
  C:\Qt\5.9.1\msvc2017_64\include\QtCore/qvector.h(574): note: see reference to function template instantiation 'void QVector<int>::defaultConstruct(T *,T *)' being compiled
          with
          [
              T=int
          ]
  C:\Qt\5.9.1\msvc2017_64\include\QtCore/qvector.h(534): note: while compiling class template member function 'void QVector<int>::reallocData(const int,const int,QArrayData::AllocationOptions)'
  C:\Qt\5.9.1\msvc2017_64\include\QtCore/qvector.h(423): note: see reference to function template instantiation 'void QVector<int>::reallocData(const int,const int,QArrayData::AllocationOptions)' being compiled
  BLP.cpp
BLP.cpp(36): warning C4267: 'argument': conversion from 'size_t' to 'unsigned long', possible loss of data
BLP.cpp(20): warning C4189: 'extra': local variable is initialized but not referenced
BLP.cpp(14): warning C4189: 'alpha_bits': local variable is initialized but not referenced
BLP.cpp(21): warning C4189: 'has_mipmaps': local variable is initialized but not referenced
  moc_GLWidget.cpp
  moc_GLWidget.cpp
  moc_HiveWE.cpp
  GLWidget.cpp
c:\users\stijn\stack\projects\hivewe\hivewe\hivewe\dependencies\glm-0.9.8.5\detail/type_vec3.hpp(45): warning C4201: nonstandard extension used: nameless struct/union
  C:\Program Files (x86)\Microsoft Visual Studio\2017\Enterprise\VC\Tools\MSVC\14.11.25503\include\vector(1940): note: see reference to class template instantiation 'glm::tvec3<int,0>' being compiled
  C:\Program Files (x86)\Microsoft Visual Studio\2017\Enterprise\VC\Tools\MSVC\14.11.25503\include\vector(1939): note: while compiling class template member function 'void std::vector<glm::ivec3,std::allocator<_Ty>>::_Destroy(glm::tvec3<int,0> *,glm::tvec3<int,0> *)'
          with
          [
              _Ty=glm::ivec3
          ]
  C:\Program Files (x86)\Microsoft Visual Studio\2017\Enterprise\VC\Tools\MSVC\14.11.25503\include\vector(2006): note: see reference to function template instantiation 'void std::vector<glm::ivec3,std::allocator<_Ty>>::_Destroy(glm::tvec3<int,0> *,glm::tvec3<int,0> *)' being compiled
          with
          [
              _Ty=glm::ivec3
          ]
  c:\users\stijn\stack\projects\hivewe\hivewe\hivewe\Terrain.h(45): note: see reference to class template instantiation 'std::vector<glm::ivec3,std::allocator<_Ty>>' being compiled
          with
          [
              _Ty=glm::ivec3
          ]
c:\users\stijn\stack\projects\hivewe\hivewe\hivewe\dependencies\glm-0.9.8.5\detail/type_vec3.hpp(46): warning C4201: nonstandard extension used: nameless struct/union
c:\users\stijn\stack\projects\hivewe\hivewe\hivewe\dependencies\glm-0.9.8.5\detail/type_vec3.hpp(47): warning C4201: nonstandard extension used: nameless struct/union
c:\users\stijn\stack\projects\hivewe\hivewe\hivewe\ResourceManager.h(11): warning C4100: 'local': unreferenced formal parameter
  GLWidget.cpp(39): note: see reference to function template instantiation 'std::shared_ptr<StaticMesh> ResourceManager::load<StaticMesh>(const std::string,bool)' being compiled
  Hierarchy.cpp
  HiveWE.cpp
  main.cpp
  Map.cpp
Map.cpp(12): warning C4239: nonstandard extension used: 'argument': conversion from 'BinaryReader' to 'BinaryReader &'
  Map.cpp(12): note: A non-const reference may only be bound to an lvalue
  MDX.cpp
  MPQ.cpp
  PathingMap.cpp
PathingMap.cpp(77): warning C4267: 'initializing': conversion from 'size_t' to 'unsigned int', possible loss of data
c:\users\stijn\stack\projects\hivewe\hivewe\hivewe\dependencies\glm-0.9.8.5\detail/type_vec3.hpp(45): warning C4201: nonstandard extension used: nameless struct/union
  PathingMap.cpp(78): note: see reference to class template instantiation 'glm::tvec3<int,0>' being compiled
c:\users\stijn\stack\projects\hivewe\hivewe\hivewe\dependencies\glm-0.9.8.5\detail/type_vec3.hpp(46): warning C4201: nonstandard extension used: nameless struct/union
c:\users\stijn\stack\projects\hivewe\hivewe\hivewe\dependencies\glm-0.9.8.5\detail/type_vec3.hpp(47): warning C4201: nonstandard extension used: nameless struct/union
PathingMap.cpp(84): warning C4267: 'argument': conversion from 'size_t' to 'GLsizei', possible loss of data
PathingMap.cpp(87): warning C4267: 'argument': conversion from 'size_t' to 'GLsizei', possible loss of data
PathingMap.cpp(90): warning C4267: 'argument': conversion from 'size_t' to 'GLsizei', possible loss of data
PathingMap.cpp(110): warning C4267: 'argument': conversion from 'size_t' to 'GLsizei', possible loss of data
c:\users\stijn\stack\projects\hivewe\hivewe\hivewe\ResourceManager.h(30): warning C4100: 'local': unreferenced formal parameter
  PathingMap.cpp(28): note: see reference to function template instantiation 'std::shared_ptr<Shader> ResourceManager::load<Shader>(const std::initializer_list<std::string>,bool)' being compiled
  ResourceManager.cpp
  Shader.cpp
  SLK.cpp
  StaticMesh.cpp
StaticMesh.cpp(5): warning C4239: nonstandard extension used: 'argument': conversion from 'BinaryReader' to 'BinaryReader &'
  StaticMesh.cpp(5): note: A non-const reference may only be bound to an lvalue
StaticMesh.cpp(8): warning C4267: '=': conversion from 'size_t' to 'int', possible loss of data
StaticMesh.cpp(11): warning C4267: 'argument': conversion from 'size_t' to 'GLsizei', possible loss of data
StaticMesh.cpp(14): warning C4267: 'argument': conversion from 'size_t' to 'GLsizei', possible loss of data
StaticMesh.cpp(16): warning C4267: '=': conversion from 'size_t' to 'int', possible loss of data
StaticMesh.cpp(18): warning C4267: 'argument': conversion from 'size_t' to 'GLsizei', possible loss of data
c:\users\stijn\stack\projects\hivewe\hivewe\hivewe\ResourceManager.h(11): warning C4100: 'local': unreferenced formal parameter
  StaticMesh.cpp(23): note: see reference to function template instantiation 'std::shared_ptr<Texture> ResourceManager::load<Texture>(const std::string,bool)' being compiled
  Terrain.cpp
Terrain.cpp(77): warning C4101: 'corner': unreferenced local variable
c:\users\stijn\stack\projects\hivewe\hivewe\hivewe\dependencies\glm-0.9.8.5\detail/type_vec3.hpp(45): warning C4201: nonstandard extension used: nameless struct/union
  Terrain.cpp(129): note: see reference to class template instantiation 'glm::tvec3<int,0>' being compiled
c:\users\stijn\stack\projects\hivewe\hivewe\hivewe\dependencies\glm-0.9.8.5\detail/type_vec3.hpp(46): warning C4201: nonstandard extension used: nameless struct/union
c:\users\stijn\stack\projects\hivewe\hivewe\hivewe\dependencies\glm-0.9.8.5\detail/type_vec3.hpp(47): warning C4201: nonstandard extension used: nameless struct/union
Terrain.cpp(146): warning C4267: 'initializing': conversion from 'size_t' to 'unsigned int', possible loss of data
Terrain.cpp(178): warning C4267: 'initializing': conversion from 'size_t' to 'unsigned int', possible loss of data
Terrain.cpp(187): warning C4267: 'argument': conversion from 'size_t' to 'GLsizei', possible loss of data
Terrain.cpp(190): warning C4267: 'argument': conversion from 'size_t' to 'GLsizei', possible loss of data
Terrain.cpp(193): warning C4267: 'argument': conversion from 'size_t' to 'GLsizei', possible loss of data
Terrain.cpp(197): warning C4267: 'argument': conversion from 'size_t' to 'GLsizei', possible loss of data
Terrain.cpp(200): warning C4267: 'argument': conversion from 'size_t' to 'GLsizei', possible loss of data
Terrain.cpp(203): warning C4267: 'argument': conversion from 'size_t' to 'GLsizei', possible loss of data
Terrain.cpp(206): warning C4267: 'argument': conversion from 'size_t' to 'GLsizei', possible loss of data
Terrain.cpp(211): warning C4267: 'argument': conversion from 'size_t' to 'GLsizei', possible loss of data
Terrain.cpp(222): warning C4267: 'initializing': conversion from 'size_t' to 'int', possible loss of data
Terrain.cpp(238): warning C4267: 'argument': conversion from 'size_t' to 'GLsizei', possible loss of data
Terrain.cpp(263): warning C4267: 'argument': conversion from 'size_t' to 'GLint', possible loss of data
Terrain.cpp(355): warning C4267: '=': conversion from 'size_t' to 'int', possible loss of data
Terrain.cpp(361): warning C4267: 'argument': conversion from 'size_t' to 'const int', possible loss of data
Terrain.cpp(279): warning C4189: 'custom_tileset': local variable is initialized but not referenced
Terrain.cpp(276): warning C4189: 'version': local variable is initialized but not referenced
Terrain.cpp(444): warning C4267: 'argument': conversion from 'size_t' to 'GLsizei', possible loss of data
Terrain.cpp(496): warning C4267: 'argument': conversion from 'size_t' to 'GLsizei', possible loss of data
c:\users\stijn\stack\projects\hivewe\hivewe\hivewe\ResourceManager.h(11): warning C4100: 'local': unreferenced formal parameter
  Terrain.cpp(351): note: see reference to function template instantiation 'std::shared_ptr<Texture> ResourceManager::load<Texture>(const std::string,bool)' being compiled
c:\users\stijn\stack\projects\hivewe\hivewe\hivewe\ResourceManager.h(30): warning C4100: 'local': unreferenced formal parameter
  Terrain.cpp(415): note: see reference to function template instantiation 'std::shared_ptr<Shader> ResourceManager::load<Shader>(const std::initializer_list<std::string>,bool)' being compiled
  Texture.cpp
  Utilities.cpp
  Generating Code...
x64\Release\moc_GLWidget.obj : warning LNK4042: object specified more than once; extras ignored
LINK : warning LNK4098: defaultlib 'LIBCMT' conflicts with use of other libs; use /NODEFAULTLIB:library
  Generating code
  3 of 181 functions ( 1.7%) were compiled, the rest were copied from previous compilation.
    0 functions were new in current compilation
    2 functions had inline decision re-evaluated but remain unchanged
  Finished generating code
  HiveWE.vcxproj -> C:\Users\stijn\stack\Projects\HiveWE\HiveWE\x64\Release\HiveWE.exe
